<?xml version="1.0" encoding="UTF-8"?>
<!-- Generated by org.testng.reporters.JUnitXMLReporter -->
<testsuite ignored="0" hostname="DESKTOP-9R59LGC" failures="0" tests="3" name="Default test" time="44.028" errors="0" timestamp="2023-11-14T14:01:32 ICT">
  <testcase classname="com.seatech.test.login.LoginTestcase" name="LoginTestcase" time="4.833"/>
  <testcase classname="com.seatech.test.login.LoginTestcase" name="DashboardTestcase" time="5.175"/>
  <testcase classname="com.seatech.test.login.LoginTestcase" name="verifyTitle" time="30.066"/>
</testsuite> <!-- Default test -->
