<?xml version="1.0" encoding="UTF-8"?>
<!-- Generated by org.testng.reporters.JUnitXMLReporter -->
<testsuite ignored="2" hostname="DESKTOP-9R59LGC" failures="0" tests="1" name="Default test" time="24.143" errors="0" timestamp="2023-11-20T17:02:57 ICT">
  <testcase classname="com.seatech.test.login.LoginTestcase" name="LoginTestcase" time="19.503"/>
  <testcase classname="com.seatech.test.login.LoginTestcase" name="clickSubMenu" time="0.0">
    <ignored/>
  </testcase> <!-- clickSubMenu -->
  <testcase classname="com.seatech.test.login.LoginTestcase" name="verifyTitle" time="0.0">
    <ignored/>
  </testcase> <!-- verifyTitle -->
</testsuite> <!-- Default test -->
