<?xml version="1.0" encoding="UTF-8"?>
<!-- Generated by org.testng.reporters.JUnitXMLReporter -->
<testsuite ignored="0" hostname="DESKTOP-9R59LGC" failures="0" tests="3" name="Test" time="82.328" errors="0" timestamp="2023-11-14T10:45:41 ICT">
  <testcase classname="com.seatech.test.login.LoginTestcase" name="LoginTestcase" time="38.666"/>
  <testcase classname="com.seatech.test.login.LoginTestcase" name="DashboardTestcase" time="9.192"/>
  <testcase classname="com.seatech.test.login.LoginTestcase" name="verifyTitle" time="30.012"/>
</testsuite> <!-- Test -->
