<?xml version="1.0" encoding="UTF-8"?>
<!-- Generated by org.testng.reporters.JUnitXMLReporter -->
<testsuite ignored="0" hostname="DESKTOP-9R59LGC" failures="2" tests="4" name="Test" time="87.955" errors="0" timestamp="2023-11-17T14:55:23 ICT">
  <testcase classname="com.seatech.test.login.LoginTestcase" name="LoginTestcase" time="17.523"/>
  <testcase classname="com.seatech.test.login.LoginTestcase" name="verifyUsername" time="0.026">
    <failure type="java.lang.AssertionError" message="expected [true] but found [false]">
      <![CDATA[java.lang.AssertionError: expected [true] but found [false]
at com.seatech.test.login.LoginTestcase.verifyUsername(LoginTestcase.java:50)
at java.base/java.util.ArrayList.forEach(ArrayList.java:1511)
... Removed 31 stack frames]]>
    </failure>
  </testcase> <!-- verifyUsername -->
  <testcase classname="com.seatech.test.login.LoginTestcase" name="DashboardTestcase" time="66.204"/>
  <testcase classname="com.seatech.test.login.LoginTestcase" name="verifyTitle" time="0.02">
    <failure type="java.lang.AssertionError" message="expected [true] but found [false]">
      <![CDATA[java.lang.AssertionError: expected [true] but found [false]
at com.seatech.test.login.LoginTestcase.verifyTitle(LoginTestcase.java:73)
at java.base/java.util.ArrayList.forEach(ArrayList.java:1511)
... Removed 31 stack frames]]>
    </failure>
  </testcase> <!-- verifyTitle -->
</testsuite> <!-- Test -->
