<?xml version="1.0" encoding="UTF-8"?>
<testng-results ignored="0" total="3" passed="3" failed="0" skipped="0">
  <reporter-output>
  </reporter-output>
  <suite started-at="2023-11-14T14:00:48 ICT" name="Default suite" finished-at="2023-11-14T14:01:32 ICT" duration-ms="44028">
    <groups>
    </groups>
    <test started-at="2023-11-14T14:00:48 ICT" name="Default test" finished-at="2023-11-14T14:01:32 ICT" duration-ms="44028">
      <class name="com.seatech.test.login.LoginTestcase">
        <test-method is-config="true" signature="beforeTest()[pri:0, instance:com.seatech.test.login.LoginTestcase@6928f576]" started-at="2023-11-14T14:00:48 ICT" name="beforeTest" finished-at="2023-11-14T14:00:52 ICT" duration-ms="3784" status="PASS">
          <reporter-output>
          </reporter-output>
        </test-method> <!-- beforeTest -->
        <test-method is-config="true" signature="setUp()[pri:0, instance:com.seatech.test.login.LoginTestcase@6928f576]" started-at="2023-11-14T14:00:52 ICT" name="setUp" finished-at="2023-11-14T14:00:52 ICT" duration-ms="0" status="PASS">
          <reporter-output>
          </reporter-output>
        </test-method> <!-- setUp -->
        <test-method signature="LoginTestcase()[pri:0, instance:com.seatech.test.login.LoginTestcase@6928f576]" started-at="2023-11-14T14:00:52 ICT" name="LoginTestcase" description="Login - Verify Login" finished-at="2023-11-14T14:00:56 ICT" duration-ms="4833" status="PASS">
          <reporter-output>
          </reporter-output>
        </test-method> <!-- LoginTestcase -->
        <test-method signature="DashboardTestcase()[pri:1, instance:com.seatech.test.login.LoginTestcase@6928f576]" started-at="2023-11-14T14:00:56 ICT" name="DashboardTestcase" description="Click choose sub menu" finished-at="2023-11-14T14:01:02 ICT" duration-ms="5175" status="PASS">
          <reporter-output>
          </reporter-output>
        </test-method> <!-- DashboardTestcase -->
        <test-method signature="verifyTitle()[pri:2, instance:com.seatech.test.login.LoginTestcase@6928f576]" started-at="2023-11-14T14:01:02 ICT" name="verifyTitle" description="Verify Title" finished-at="2023-11-14T14:01:32 ICT" duration-ms="30066" status="PASS">
          <reporter-output>
          </reporter-output>
        </test-method> <!-- verifyTitle -->
        <test-method is-config="true" signature="tearDown()[pri:0, instance:com.seatech.test.login.LoginTestcase@6928f576]" started-at="2023-11-14T14:01:32 ICT" name="tearDown" finished-at="2023-11-14T14:01:32 ICT" duration-ms="132" status="PASS">
          <reporter-output>
          </reporter-output>
        </test-method> <!-- tearDown -->
      </class> <!-- com.seatech.test.login.LoginTestcase -->
    </test> <!-- Default test -->
  </suite> <!-- Default suite -->
</testng-results>
