<?xml version="1.0" encoding="UTF-8"?>
<testng-results ignored="0" total="3" passed="3" failed="0" skipped="0">
  <reporter-output>
  </reporter-output>
  <suite started-at="2023-11-14T11:39:09 ICT" name="Default suite" finished-at="2023-11-14T11:40:33 ICT" duration-ms="83943">
    <groups>
    </groups>
    <test started-at="2023-11-14T11:39:09 ICT" name="Default test" finished-at="2023-11-14T11:40:33 ICT" duration-ms="83943">
      <class name="com.seatech.test.login.LoginTestcase">
        <test-method is-config="true" signature="beforeTest()[pri:0, instance:com.seatech.test.login.LoginTestcase@758f4f03]" started-at="2023-11-14T11:39:09 ICT" name="beforeTest" finished-at="2023-11-14T11:39:14 ICT" duration-ms="4352" status="PASS">
          <reporter-output>
          </reporter-output>
        </test-method> <!-- beforeTest -->
        <test-method is-config="true" signature="setUp()[pri:0, instance:com.seatech.test.login.LoginTestcase@758f4f03]" started-at="2023-11-14T11:39:14 ICT" name="setUp" finished-at="2023-11-14T11:39:14 ICT" duration-ms="0" status="PASS">
          <reporter-output>
          </reporter-output>
        </test-method> <!-- setUp -->
        <test-method signature="LoginTestcase()[pri:0, instance:com.seatech.test.login.LoginTestcase@758f4f03]" started-at="2023-11-14T11:39:14 ICT" name="LoginTestcase" description="Login - Verify Login" finished-at="2023-11-14T11:39:26 ICT" duration-ms="12371" status="PASS">
          <reporter-output>
          </reporter-output>
        </test-method> <!-- LoginTestcase -->
        <test-method signature="DashboardTestcase()[pri:1, instance:com.seatech.test.login.LoginTestcase@758f4f03]" started-at="2023-11-14T11:39:26 ICT" name="DashboardTestcase" description="Click choose sub menu" finished-at="2023-11-14T11:40:33 ICT" duration-ms="67036" status="PASS">
          <reporter-output>
          </reporter-output>
        </test-method> <!-- DashboardTestcase -->
        <test-method signature="verifyTitle()[pri:2, instance:com.seatech.test.login.LoginTestcase@758f4f03]" started-at="2023-11-14T11:40:33 ICT" name="verifyTitle" description="Verify Title" finished-at="2023-11-14T11:40:33 ICT" duration-ms="16" status="PASS">
          <reporter-output>
          </reporter-output>
        </test-method> <!-- verifyTitle -->
        <test-method is-config="true" signature="tearDown()[pri:0, instance:com.seatech.test.login.LoginTestcase@758f4f03]" started-at="2023-11-14T11:40:33 ICT" name="tearDown" finished-at="2023-11-14T11:40:33 ICT" duration-ms="121" status="PASS">
          <reporter-output>
          </reporter-output>
        </test-method> <!-- tearDown -->
      </class> <!-- com.seatech.test.login.LoginTestcase -->
    </test> <!-- Default test -->
  </suite> <!-- Default suite -->
</testng-results>
